{
  "stats": {
    "suites": 1,
    "tests": 6,
    "passes": 6,
    "pending": 0,
    "failures": 0,
    "start": "2023-10-28T21:52:48.401Z",
    "end": "2023-10-28T21:52:49.021Z",
    "duration": 620,
    "testsRegistered": 6,
    "passPercent": 100,
    "pendingPercent": 0,
    "other": 0,
    "hasOther": false,
    "skipped": 0,
    "hasSkipped": false
  },
  "results": [
    {
      "uuid": "90b692cf-ae12-45af-8992-99288b54ff72",
      "title": "",
      "fullFile": "cypress\\e2e\\ExercicioApi.cy.js",
      "file": "cypress\\e2e\\ExercicioApi.cy.js",
      "beforeHooks": [],
      "afterHooks": [],
      "tests": [],
      "suites": [
        {
          "uuid": "fee6a553-b5af-47fe-8759-0e6c4d2cd5d9",
          "title": "Testes da Funcionalidade Usuários",
          "fullFile": "",
          "file": "",
          "beforeHooks": [],
          "afterHooks": [],
          "tests": [
            {
              "title": "Deve validar contrato de usuários",
              "fullTitle": "Testes da Funcionalidade Usuários Deve validar contrato de usuários",
              "timedOut": null,
              "duration": 344,
              "state": "passed",
              "speed": "fast",
              "pass": true,
              "fail": false,
              "pending": false,
              "context": null,
              "code": "cy.request('usuarios').then(response => {\n  return _usuarios.default.validateAsync(response.body);\n});",
              "err": {},
              "uuid": "fb1e63e6-7751-4a46-9d33-1ec345fe0f37",
              "parentUUID": "fee6a553-b5af-47fe-8759-0e6c4d2cd5d9",
              "isHook": false,
              "skipped": false
            },
            {
              "title": "Deve listar usuários cadastrados",
              "fullTitle": "Testes da Funcionalidade Usuários Deve listar usuários cadastrados",
              "timedOut": null,
              "duration": 27,
              "state": "passed",
              "speed": "fast",
              "pass": true,
              "fail": false,
              "pending": false,
              "context": null,
              "code": "cy.request({\n  method: 'GET',\n  url: 'usuarios'\n}).then(response => {\n  expect(response.status).to.equal(200);\n});",
              "err": {},
              "uuid": "50803642-87c1-45cb-afb2-62997f229b71",
              "parentUUID": "fee6a553-b5af-47fe-8759-0e6c4d2cd5d9",
              "isHook": false,
              "skipped": false
            },
            {
              "title": "Deve cadastrar um usuário com sucesso",
              "fullTitle": "Testes da Funcionalidade Usuários Deve cadastrar um usuário com sucesso",
              "timedOut": null,
              "duration": 21,
              "state": "passed",
              "speed": "fast",
              "pass": true,
              "fail": false,
              "pending": false,
              "context": null,
              "code": "let usuario = `${faker.name.fullname}`;\nlet email = `${faker.internet.email(usuario)}`;\ncy.request({\n  method: 'POST',\n  url: 'usuarios',\n  body: {\n    \"nome\": usuario,\n    \"email\": email,\n    \"password\": \"teste\",\n    \"administrador\": \"true\"\n  }\n}).then(response => {\n  expect(response.status).to.equal(201);\n  expect(response.body.message).to.equal(\"Cadastro realizado com sucesso\");\n});",
              "err": {},
              "uuid": "3593172f-b6b7-4db7-bc4f-fb8f2bd52929",
              "parentUUID": "fee6a553-b5af-47fe-8759-0e6c4d2cd5d9",
              "isHook": false,
              "skipped": false
            },
            {
              "title": "Deve validar um usuário com email inválido",
              "fullTitle": "Testes da Funcionalidade Usuários Deve validar um usuário com email inválido",
              "timedOut": null,
              "duration": 16,
              "state": "passed",
              "speed": "fast",
              "pass": true,
              "fail": false,
              "pending": false,
              "context": null,
              "code": "cy.cadastrarUsuario('nome', 'beltrano@qa.com.br', 'teste', 'true').then(response => {\n  expect(response.status).to.equal(400);\n  expect(response.body.email).to.equal(\"email deve ser um email válido\");\n});",
              "err": {},
              "uuid": "d98d9e9a-6213-4791-bc68-ccdfffaaab90",
              "parentUUID": "fee6a553-b5af-47fe-8759-0e6c4d2cd5d9",
              "isHook": false,
              "skipped": false
            },
            {
              "title": "Deve editar um usuário previamente cadastrado",
              "fullTitle": "Testes da Funcionalidade Usuários Deve editar um usuário previamente cadastrado",
              "timedOut": null,
              "duration": 43,
              "state": "passed",
              "speed": "fast",
              "pass": true,
              "fail": false,
              "pending": false,
              "context": null,
              "code": "cy.request('usuarios').then(response => {\n  let id = response.body.usuarios._id;\n  let usuario = `${faker.name.fullname}`;\n  let email = `${faker.internet.email(usuario)}`;\n  cy.request({\n    method: 'POST',\n    url: 'usuarios',\n    body: {\n      \"nome\": usuario,\n      \"email\": email,\n      \"password\": \"teste\",\n      \"administrador\": \"true\"\n    }\n  }).then(response => {\n    expect(response.body.message).to.equal(\"Cadastro realizado com sucesso\");\n    expect(response.status).to.equal(201);\n  });\n});",
              "err": {},
              "uuid": "e48b00be-1f35-4ed5-86e4-bf88900d57d3",
              "parentUUID": "fee6a553-b5af-47fe-8759-0e6c4d2cd5d9",
              "isHook": false,
              "skipped": false
            },
            {
              "title": "Deve deletar um usuário previamente cadastrado",
              "fullTitle": "Testes da Funcionalidade Usuários Deve deletar um usuário previamente cadastrado",
              "timedOut": null,
              "duration": 45,
              "state": "passed",
              "speed": "fast",
              "pass": true,
              "fail": false,
              "pending": false,
              "context": null,
              "code": "let nome = `Krattos God Of War ${Math.floor(Math.random() * 1000)}`;\nlet email = `kratos.god${Math.floor(Math.random() * 1000)}@gmail.com.br`;\nlet password = `123456987${Math.floor(Math.random() * 1000)}`;\ncy.cadastrarUsuario(token, nome, email, password, \"true\").then(response => {\n  let id = response.body._id;\n  cy.request({\n    method: \"DELETE\",\n    url: `usuarios/${id}`,\n    headers: {\n      authorization: token\n    }\n  }).then(response => {\n    expect(response.status).to.equal(200);\n    expect(response.body.message).to.equal('Registro excluído com sucesso');\n  });\n});",
              "err": {},
              "uuid": "317681e5-6735-49bf-b2ba-5ccb31130a25",
              "parentUUID": "fee6a553-b5af-47fe-8759-0e6c4d2cd5d9",
              "isHook": false,
              "skipped": false
            }
          ],
          "suites": [],
          "passes": [
            "fb1e63e6-7751-4a46-9d33-1ec345fe0f37",
            "50803642-87c1-45cb-afb2-62997f229b71",
            "3593172f-b6b7-4db7-bc4f-fb8f2bd52929",
            "d98d9e9a-6213-4791-bc68-ccdfffaaab90",
            "e48b00be-1f35-4ed5-86e4-bf88900d57d3",
            "317681e5-6735-49bf-b2ba-5ccb31130a25"
          ],
          "failures": [],
          "pending": [],
          "skipped": [],
          "duration": 496,
          "root": false,
          "rootEmpty": false,
          "_timeout": 2000
        }
      ],
      "passes": [],
      "failures": [],
      "pending": [],
      "skipped": [],
      "duration": 0,
      "root": true,
      "rootEmpty": true,
      "_timeout": 2000
    }
  ],
  "meta": {
    "mocha": {
      "version": "7.0.1"
    },
    "mochawesome": {
      "options": {
        "quiet": false,
        "reportFilename": "mochawesome",
        "saveHtml": false,
        "saveJson": true,
        "consoleReporter": "spec",
        "useInlineDiffs": false,
        "code": true
      },
      "version": "7.1.3"
    },
    "marge": {
      "options": {
        "reportDir": "mochawesome-report",
        "overwrite": false,
        "html": false,
        "json": true
      },
      "version": "6.2.0"
    }
  }
}