{
  "stats": {
    "suites": 1,
    "tests": 1,
    "passes": 1,
    "pending": 0,
    "failures": 0,
    "start": "2023-10-28T21:52:54.730Z",
    "end": "2023-10-28T21:52:56.045Z",
    "duration": 1315,
    "testsRegistered": 1,
    "passPercent": 100,
    "pendingPercent": 0,
    "other": 0,
    "hasOther": false,
    "skipped": 0,
    "hasSkipped": false
  },
  "results": [
    {
      "uuid": "d956a7d8-8d02-4860-9ed6-b69305a3c42b",
      "title": "",
      "fullFile": "cypress\\e2e\\Login.cy.js",
      "file": "cypress\\e2e\\Login.cy.js",
      "beforeHooks": [],
      "afterHooks": [],
      "tests": [],
      "suites": [
        {
          "uuid": "9215f9cb-ca3b-4e7a-ac19-5daa4b634209",
          "title": "Login",
          "fullFile": "",
          "file": "",
          "beforeHooks": [],
          "afterHooks": [],
          "tests": [
            {
              "title": "Deve fazer login com sucesso",
              "fullTitle": "Login Deve fazer login com sucesso",
              "timedOut": null,
              "duration": 1242,
              "state": "passed",
              "speed": "fast",
              "pass": true,
              "fail": false,
              "pending": false,
              "context": null,
              "code": "cy.request({\n  method: 'POST',\n  url: 'login',\n  body: {\n    \"email\": \"fulano@qa.com\",\n    \"password\": \"teste\"\n  }\n}).then(response => {\n  expect(response.status).to.equal(200);\n  expect(response.body.message).to.equal('Login realizado com sucesso');\n  cy.log(response.body.authorization);\n});",
              "err": {},
              "uuid": "ecebdfa5-c7e9-4b5e-832b-0dc5b67b2860",
              "parentUUID": "9215f9cb-ca3b-4e7a-ac19-5daa4b634209",
              "isHook": false,
              "skipped": false
            }
          ],
          "suites": [],
          "passes": [
            "ecebdfa5-c7e9-4b5e-832b-0dc5b67b2860"
          ],
          "failures": [],
          "pending": [],
          "skipped": [],
          "duration": 1242,
          "root": false,
          "rootEmpty": false,
          "_timeout": 2000
        }
      ],
      "passes": [],
      "failures": [],
      "pending": [],
      "skipped": [],
      "duration": 0,
      "root": true,
      "rootEmpty": true,
      "_timeout": 2000
    }
  ],
  "meta": {
    "mocha": {
      "version": "7.0.1"
    },
    "mochawesome": {
      "options": {
        "quiet": false,
        "reportFilename": "mochawesome",
        "saveHtml": false,
        "saveJson": true,
        "consoleReporter": "spec",
        "useInlineDiffs": false,
        "code": true
      },
      "version": "7.1.3"
    },
    "marge": {
      "options": {
        "reportDir": "mochawesome-report",
        "overwrite": false,
        "html": false,
        "json": true
      },
      "version": "6.2.0"
    }
  }
}